<?xml version="1.0" encoding="UTF-8"?>
<testsuite xmlns:xsi="http://www.w3.org/2001/XMLSchema-instance" xsi:schemaLocation="https://maven.apache.org/surefire/maven-surefire-plugin/xsd/surefire-test-report.xsd" name="TestSuite" time="23.09" tests="5" errors="0" skipped="0" failures="1">
  <properties>
[...]
</properties>
  <testcase name="testAddToCart" classname="WebTest" time="2.152"/>
  <testcase name="testFilterItems" classname="WebTest" time="3.517"/>
  <testcase name="testHeaderDisplayed" classname="WebTest" time="0.059"/>
  <testcase name="testProfileMenuChangeTab" classname="WebTest" time="1.579">
    <failure message="no such element: Unable to locate element: {&quot;method&quot;:&quot;xpath&quot;,&quot;selector&quot;:&quot;/html/body/div[3]/div/div[2]/div/div[2]/div[2]/div/div[2]/div[1]/div/div[1]/div/ul/li/ul/li[3]/a&quot;}&#10;  (Session info: chrome=79.0.3945.117)&#10;For documentation on this error, please visit: https://www.seleniumhq.org/exceptions/no_such_element.html&#10;Build info: version: &apos;3.141.59&apos;, revision: &apos;e82be7d358&apos;, time: &apos;2018-11-14T08:17:03&apos;&#10;System info: host: &apos;DESKTOP-DELL&apos;, ip: &apos;192.168.254.2&apos;, os.name: &apos;Windows 10&apos;, os.arch: &apos;amd64&apos;, os.version: &apos;10.0&apos;, java.version: &apos;13.0.1&apos;&#10;Driver info: org.openqa.selenium.chrome.ChromeDriver&#10;Capabilities {acceptInsecureCerts: false, browserName: chrome, browserVersion: 79.0.3945.117, chrome: {chromedriverVersion: 79.0.3945.36 (3582db32b3389..., userDataDir: C:\Users\Matija\AppData\Loc...}, goog:chromeOptions: {debuggerAddress: localhost:51411}, javascriptEnabled: true, networkConnectionEnabled: false, pageLoadStrategy: normal, platform: WINDOWS, platformName: WINDOWS, proxy: Proxy(), setWindowRect: true, strictFileInteractability: false, timeouts: {implicit: 0, pageLoad: 300000, script: 30000}, unhandledPromptBehavior: dismiss and notify}&#10;Session ID: aee968046abf21c0b9344a4514855875&#10;*** Element info: {Using=xpath, value=/html/body/div[3]/div/div[2]/div/div[2]/div[2]/div/div[2]/div[1]/div/div[1]/div/ul/li/ul/li[3]/a}" type="org.openqa.selenium.NoSuchElementException">org.openqa.selenium.NoSuchElementException: 
no such element: Unable to locate element: {"method":"xpath","selector":"/html/body/div[3]/div/div[2]/div/div[2]/div[2]/div/div[2]/div[1]/div/div[1]/div/ul/li/ul/li[3]/a"}
  (Session info: chrome=79.0.3945.117)
For documentation on this error, please visit: https://www.seleniumhq.org/exceptions/no_such_element.html
Build info: version: '3.141.59', revision: 'e82be7d358', time: '2018-11-14T08:17:03'
System info: host: 'DESKTOP-DELL', ip: '192.168.254.2', os.name: 'Windows 10', os.arch: 'amd64', os.version: '10.0', java.version: '13.0.1'
Driver info: org.openqa.selenium.chrome.ChromeDriver
Capabilities {acceptInsecureCerts: false, browserName: chrome, browserVersion: 79.0.3945.117, chrome: {chromedriverVersion: 79.0.3945.36 (3582db32b3389..., userDataDir: C:\Users\Matija\AppData\Loc...}, goog:chromeOptions: {debuggerAddress: localhost:51411}, javascriptEnabled: true, networkConnectionEnabled: false, pageLoadStrategy: normal, platform: WINDOWS, platformName: WINDOWS, proxy: Proxy(), setWindowRect: true, strictFileInteractability: false, timeouts: {implicit: 0, pageLoad: 300000, script: 30000}, unhandledPromptBehavior: dismiss and notify}
Session ID: aee968046abf21c0b9344a4514855875
*** Element info: {Using=xpath, value=/html/body/div[3]/div/div[2]/div/div[2]/div[2]/div/div[2]/div[1]/div/div[1]/div/ul/li/ul/li[3]/a}
	at WebTest.testProfileMenuChangeTab(WebTest.kt:101)
</failure>
  </testcase>
  <testcase name="testSearchBoxFindsItem" classname="WebTest" time="1.037"/>
</testsuite>